<?xml version="1.0" encoding="utf-8"?><testsuites><testsuite name="pytest" errors="0" failures="0" skipped="0" tests="7" time="0.021" timestamp="2025-05-27T22:12:42.353778+03:00" hostname="LinuxOS48"><testcase classname="test_Les28StartPytestHomeworkTests" name="test_sum_1" time="0.000" /><testcase classname="test_Les28StartPytestHomeworkTests" name="test_sum_2" time="0.000" /><testcase classname="test_Les28StartPytestHomeworkTests" name="test_difference_1" time="0.000" /><testcase classname="test_Les28StartPytestHomeworkTests" name="test_difference_2" time="0.000" /><testcase classname="test_Les28StartPytestHomeworkTests" name="test_multiplication_3" time="0.000" /><testcase classname="test_Les28StartPytestHomeworkTests" name="test_division_4" time="0.000" /><testcase classname="test_Les28StartPytestHomeworkTests" name="test_division_zero_4" time="0.000" /></testsuite></testsuites>